c:\users\giay nhap\documents\visual studio 2015\projects\imageconvert\project1\debug\vc140.pdb
c:\users\giay nhap\documents\visual studio 2015\projects\imageconvert\project1\debug\.netframework,version=v4.5.assemblyattributes.obj
c:\users\giay nhap\documents\visual studio 2015\projects\imageconvert\project1\debug\.netframework,version=v4.5.assemblyattributes.asm
c:\users\giay nhap\documents\visual studio 2015\projects\imageconvert\project1\debug\myform.obj
c:\users\giay nhap\documents\visual studio 2015\projects\imageconvert\project1\debug\project1.myform.resources
c:\users\giay nhap\documents\visual studio 2015\projects\imageconvert\project1\debug\project1.vcxproj.generateresource.cache
c:\users\giay nhap\documents\visual studio 2015\projects\imageconvert\project1\debug\project1.vcxprojresolveassemblyreference.cache
c:\users\giay nhap\documents\visual studio 2015\projects\imageconvert\project1\debug\project1.tlog\cl.command.1.tlog
c:\users\giay nhap\documents\visual studio 2015\projects\imageconvert\project1\debug\project1.tlog\cl.read.1.tlog
c:\users\giay nhap\documents\visual studio 2015\projects\imageconvert\project1\debug\project1.tlog\cl.write.1.tlog
c:\users\giay nhap\documents\visual studio 2015\projects\imageconvert\project1\debug\project1.tlog\link.12336.6684.read.1.tlog
c:\users\giay nhap\documents\visual studio 2015\projects\imageconvert\project1\debug\project1.tlog\link.12336.6684.write.1.tlog
c:\users\giay nhap\documents\visual studio 2015\projects\imageconvert\project1\debug\project1.tlog\link.12336.read.1.tlog
c:\users\giay nhap\documents\visual studio 2015\projects\imageconvert\project1\debug\project1.tlog\link.12336.write.1.tlog
c:\users\giay nhap\documents\visual studio 2015\projects\imageconvert\project1\debug\project1.tlog\link.6124.read.1.tlog
c:\users\giay nhap\documents\visual studio 2015\projects\imageconvert\project1\debug\project1.tlog\link.6124.write.1.tlog
c:\users\giay nhap\documents\visual studio 2015\projects\imageconvert\project1\debug\project1.tlog\link.6624.2984.read.1.tlog
c:\users\giay nhap\documents\visual studio 2015\projects\imageconvert\project1\debug\project1.tlog\link.6624.2984.write.1.tlog
c:\users\giay nhap\documents\visual studio 2015\projects\imageconvert\project1\debug\project1.tlog\link.6624.read.1.tlog
c:\users\giay nhap\documents\visual studio 2015\projects\imageconvert\project1\debug\project1.tlog\link.6624.write.1.tlog
c:\users\giay nhap\documents\visual studio 2015\projects\imageconvert\project1\debug\project1.tlog\link.command.1.tlog
c:\users\giay nhap\documents\visual studio 2015\projects\imageconvert\project1\debug\project1.tlog\link.read.1.tlog
c:\users\giay nhap\documents\visual studio 2015\projects\imageconvert\project1\debug\project1.tlog\link.write.1.tlog
c:\users\giay nhap\documents\visual studio 2015\projects\imageconvert\project1\debug\project1.tlog\metagen.read.1.tlog
c:\users\giay nhap\documents\visual studio 2015\projects\imageconvert\project1\debug\project1.tlog\metagen.write.1.tlog
c:\users\giay nhap\documents\visual studio 2015\projects\imageconvert\project1\debug\project1.tlog\project1.write.1u.tlog
c:\users\giay nhap\documents\visual studio 2015\projects\imageconvert\project1\debug\project1.tlog\tzres.dll.bi
